<?xml version="1.0" encoding="UTF-8" ?>
<testsuite tests="1" failures="0" name="SteganographyTest" time="0.004" errors="0" skipped="0">
  <properties>
    <property name="idea.version" value="2020.2.2"/>
    <property name="java.runtime.name" value="OpenJDK Runtime Environment"/>
    <property name="java.vm.version" value="15+36-1562"/>
    <property name="sun.boot.library.path" value="C:\Users\Yevhenii\.jdks\openjdk-15\bin"/>
    <property name="maven.multiModuleProjectDirectory" value="C:\Users\Yevhenii\Desktop\Kravchenko\Lb2"/>
    <property name="java.vm.vendor" value="Oracle Corporation"/>
    <property name="java.vendor.url" value="https://java.oracle.com/"/>
    <property name="guice.disable.misplaced.annotation.check" value="true"/>
    <property name="path.separator" value=";"/>
    <property name="java.vm.name" value="OpenJDK 64-Bit Server VM"/>
    <property name="sun.os.patch.level" value=""/>
    <property name="user.script" value=""/>
    <property name="user.country" value="US"/>
    <property name="sun.java.launcher" value="SUN_STANDARD"/>
    <property name="java.vm.specification.name" value="Java Virtual Machine Specification"/>
    <property name="user.dir" value="C:\Users\Yevhenii\Desktop\Kravchenko\Lb2"/>
    <property name="java.vm.compressedOopsMode" value="32-bit"/>
    <property name="java.runtime.version" value="15+36-1562"/>
    <property name="os.arch" value="amd64"/>
    <property name="java.io.tmpdir" value="C:\Users\Yevhenii\AppData\Local\Temp\"/>
    <property name="line.separator" value="
"/>
    <property name="java.vm.specification.vendor" value="Oracle Corporation"/>
    <property name="user.variant" value=""/>
    <property name="os.name" value="Windows 10"/>
    <property name="maven.ext.class.path" value="C:\Users\Yevhenii\AppData\Local\JetBrains\Toolbox\apps\IDEA-U\ch-1\202.7319.50\plugins\maven\lib\maven-event-listener.jar"/>
    <property name="classworlds.conf" value="C:\Users\Yevhenii\AppData\Local\JetBrains\Toolbox\apps\IDEA-U\ch-1\202.7319.50\plugins\maven\lib\maven3\bin\m2.conf"/>
    <property name="sun.jnu.encoding" value="Cp1251"/>
    <property name="java.library.path" value="C:\Users\Yevhenii\.jdks\openjdk-15\bin;C:\Windows\Sun\Java\bin;C:\Windows\system32;C:\Windows;C:\Users\Yevhenii\gcc\bin;C:\Users\Yevhenii\gcc\libexec\gcc\x86_64-w64-mingw32\10.2.0;C:\Windows\system32;C:\Windows;C:\Windows\System32\Wbem;C:\Windows\System32\WindowsPowerShell\v1.0\;C:\Windows\System32\OpenSSH\;C:\Program Files\Git\cmd;C:\Program Files\NVIDIA Corporation\NVIDIA NvDLISR;C:\Program Files (x86)\NVIDIA Corporation\PhysX\Common;C:\Program Files\Maven\apache-maven-3.6.3\bin;C:\Program Files (x86)\IncrediBuild;C:\Program Files (x86)\Windows Kits\10\bin\10.0.17763.0\x64;C:\Users\Yevhenii\AppData\Local\Microsoft\WindowsApps;C:\Program Files\Java\jdk-14.0.1\bin;C:\Users\Yevhenii\gcc\bin;C:\Program Files (x86)\Windows Kits\10\bin\10.0.18362.0\x64;;."/>
    <property name="maven.conf" value="C:\Users\Yevhenii\AppData\Local\JetBrains\Toolbox\apps\IDEA-U\ch-1\202.7319.50\plugins\maven\lib\maven3/conf"/>
    <property name="jdk.debug" value="release"/>
    <property name="java.class.version" value="59.0"/>
    <property name="java.specification.name" value="Java Platform API Specification"/>
    <property name="sun.management.compiler" value="HotSpot 64-Bit Tiered Compilers"/>
    <property name="os.version" value="10.0"/>
    <property name="user.home" value="C:\Users\Yevhenii"/>
    <property name="user.timezone" value="Europe/Kiev"/>
    <property name="file.encoding" value="UTF-8"/>
    <property name="java.specification.version" value="15"/>
    <property name="user.name" value="Yevhenii"/>
    <property name="java.class.path" value="C:\Users\Yevhenii\AppData\Local\JetBrains\Toolbox\apps\IDEA-U\ch-1\202.7319.50\plugins\maven\lib\maven3\boot\plexus-classworlds-2.6.0.jar;C:\Users\Yevhenii\AppData\Local\JetBrains\Toolbox\apps\IDEA-U\ch-1\202.7319.50\plugins\maven\lib\maven3\boot\plexus-classworlds.license"/>
    <property name="java.vm.specification.version" value="15"/>
    <property name="sun.arch.data.model" value="64"/>
    <property name="sun.java.command" value="org.codehaus.classworlds.Launcher -Didea.version=2020.2.2 package"/>
    <property name="java.home" value="C:\Users\Yevhenii\.jdks\openjdk-15"/>
    <property name="user.language" value="en"/>
    <property name="java.specification.vendor" value="Oracle Corporation"/>
    <property name="java.vm.info" value="mixed mode, sharing"/>
    <property name="java.version" value="15"/>
    <property name="java.vendor" value="Oracle Corporation"/>
    <property name="maven.home" value="C:\Users\Yevhenii\AppData\Local\JetBrains\Toolbox\apps\IDEA-U\ch-1\202.7319.50\plugins\maven\lib\maven3"/>
    <property name="file.separator" value="\"/>
    <property name="java.version.date" value="2020-09-15"/>
    <property name="java.vendor.url.bug" value="https://bugreport.java.com/bugreport/"/>
    <property name="sun.io.unicode.encoding" value="UnicodeLittle"/>
    <property name="sun.cpu.endian" value="little"/>
    <property name="sun.cpu.isalist" value="amd64"/>
  </properties>
  <testcase classname="SteganographyTest" name="charTest" time="0.004"/>
</testsuite>